<?xml version="1.0" encoding="UTF-8"?>
<testng-results ignored="0" total="7" passed="5" failed="0" skipped="2">
  <reporter-output>
    <line>
      <![CDATA[Verify failure: expected [xyz] but found [abc]]]>
    </line>
    <line>
      <![CDATA[</br>]]>
    </line>
    <line>
      <![CDATA[<a target="_blank" href=Tue_Feb_11_22_13_35_IST_2025.jpg><img height=200 width=200 src=Tue_Feb_11_22_13_35_IST_2025.jpg></img></a>]]>
    </line>
    <line>
      <![CDATA[</br>]]>
    </line>
  </reporter-output>
  <suite started-at="2025-02-11T22:13:35 IST" name="DataDrivenProject" finished-at="2025-02-11T22:13:43 IST" duration-ms="8042">
    <groups>
    </groups>
    <test started-at="2025-02-11T22:13:35 IST" name="BankMangerLoginTest" finished-at="2025-02-11T22:13:36 IST" duration-ms="1358">
      <class name="com.cdn.testcases.BankMangerLoginTest">
        <test-method signature="loginTestForBankManager()[pri:0, instance:com.cdn.testcases.BankMangerLoginTest@15f2eda3]" started-at="2025-02-11T22:13:35 IST" name="loginTestForBankManager" finished-at="2025-02-11T22:13:36 IST" duration-ms="1088" status="PASS">
          <reporter-output>
            <line>
              <![CDATA[Verify failure: expected [xyz] but found [abc]]]>
            </line>
            <line>
              <![CDATA[</br>]]>
            </line>
            <line>
              <![CDATA[<a target="_blank" href=Tue_Feb_11_22_13_35_IST_2025.jpg><img height=200 width=200 src=Tue_Feb_11_22_13_35_IST_2025.jpg></img></a>]]>
            </line>
            <line>
              <![CDATA[</br>]]>
            </line>
          </reporter-output>
        </test-method> <!-- loginTestForBankManager -->
      </class> <!-- com.cdn.testcases.BankMangerLoginTest -->
    </test> <!-- BankMangerLoginTest -->
    <test started-at="2025-02-11T22:13:37 IST" name="AddCustomersTest" finished-at="2025-02-11T22:13:41 IST" duration-ms="3915">
      <class name="com.cdn.testcases.AddCustomersTest">
        <test-method signature="addCustomerTest(java.util.Hashtable)[pri:0, instance:com.cdn.testcases.AddCustomersTest@3533df16]" started-at="2025-02-11T22:13:37 IST" name="addCustomerTest" data-provider="dp" finished-at="2025-02-11T22:13:38 IST" duration-ms="1832" status="PASS">
          <params>
            <param index="0">
              <value>
                <![CDATA[{postcode=A123, Runmode=Y, lastname=D, firstname=Naveenkumar, alertText=Customer added successfully}]]>
              </value>
            </param>
          </params>
          <reporter-output>
          </reporter-output>
        </test-method> <!-- addCustomerTest -->
        <test-method signature="addCustomerTest(java.util.Hashtable)[pri:0, instance:com.cdn.testcases.AddCustomersTest@3533df16]" started-at="2025-02-11T22:13:39 IST" name="addCustomerTest" data-provider="dp" finished-at="2025-02-11T22:13:39 IST" duration-ms="14" status="SKIP">
          <params>
            <param index="0">
              <value>
                <![CDATA[{postcode=A23, Runmode=N, lastname=kumar, firstname=Naveen, alertText=Customer added successfully}]]>
              </value>
            </param>
          </params>
          <exception class="org.testng.SkipException">
            <message>
              <![CDATA[Skipping the test as the Runmode is No]]>
            </message>
            <full-stacktrace>
              <![CDATA[org.testng.SkipException: Skipping the test as the Runmode is No
at com.cdn.testcases.AddCustomersTest.addCustomerTest(AddCustomersTest.java:21)
at java.base/jdk.internal.reflect.DirectMethodHandleAccessor.invoke(DirectMethodHandleAccessor.java:103)
at java.base/java.lang.reflect.Method.invoke(Method.java:580)
at org.testng.internal.invokers.MethodInvocationHelper.invokeMethod(MethodInvocationHelper.java:141)
at org.testng.internal.invokers.TestInvoker.invokeMethod(TestInvoker.java:686)
at org.testng.internal.invokers.TestInvoker.invokeTestMethod(TestInvoker.java:230)
at org.testng.internal.invokers.MethodRunner.runInSequence(MethodRunner.java:63)
at org.testng.internal.invokers.TestInvoker$MethodInvocationAgent.invoke(TestInvoker.java:992)
at org.testng.internal.invokers.TestInvoker.invokeTestMethods(TestInvoker.java:203)
at org.testng.internal.invokers.TestMethodWorker.invokeTestMethods(TestMethodWorker.java:154)
at org.testng.internal.invokers.TestMethodWorker.run(TestMethodWorker.java:134)
at java.base/java.util.ArrayList.forEach(ArrayList.java:1596)
at org.testng.TestRunner.privateRun(TestRunner.java:739)
at org.testng.TestRunner.run(TestRunner.java:614)
at org.testng.SuiteRunner.runTest(SuiteRunner.java:421)
at org.testng.SuiteRunner.runSequentially(SuiteRunner.java:413)
at org.testng.SuiteRunner.privateRun(SuiteRunner.java:373)
at org.testng.SuiteRunner.run(SuiteRunner.java:312)
at org.testng.SuiteRunnerWorker.runSuite(SuiteRunnerWorker.java:52)
at org.testng.SuiteRunnerWorker.run(SuiteRunnerWorker.java:95)
at org.testng.TestNG.runSuitesSequentially(TestNG.java:1274)
at org.testng.TestNG.runSuitesLocally(TestNG.java:1208)
at org.testng.TestNG.runSuites(TestNG.java:1112)
at org.testng.TestNG.run(TestNG.java:1079)
at org.testng.remote.AbstractRemoteTestNG.run(AbstractRemoteTestNG.java:115)
at org.testng.remote.RemoteTestNG.initAndRun(RemoteTestNG.java:293)
at org.testng.remote.RemoteTestNG.main(RemoteTestNG.java:91)
]]>
            </full-stacktrace>
          </exception> <!-- org.testng.SkipException -->
          <reporter-output>
          </reporter-output>
        </test-method> <!-- addCustomerTest -->
        <test-method signature="addCustomerTest(java.util.Hashtable)[pri:0, instance:com.cdn.testcases.AddCustomersTest@3533df16]" started-at="2025-02-11T22:13:39 IST" name="addCustomerTest" data-provider="dp" finished-at="2025-02-11T22:13:40 IST" duration-ms="1285" status="PASS">
          <params>
            <param index="0">
              <value>
                <![CDATA[{postcode=S2eqe2q, Runmode=Y, lastname=D, firstname=Naveen, alertText=Customer added successfully}]]>
              </value>
            </param>
          </params>
          <reporter-output>
          </reporter-output>
        </test-method> <!-- addCustomerTest -->
      </class> <!-- com.cdn.testcases.AddCustomersTest -->
    </test> <!-- AddCustomersTest -->
    <test started-at="2025-02-11T22:13:41 IST" name="OpenAccuntTest" finished-at="2025-02-11T22:13:43 IST" duration-ms="1959">
      <class name="com.cdn.testcases.OpenAccuntTest">
        <test-method is-config="true" signature="setUp()[pri:0, instance:com.cdn.testcases.OpenAccuntTest@3f4cd155]" started-at="2025-02-11T22:13:24 IST" name="setUp" finished-at="2025-02-11T22:13:35 IST" duration-ms="10601" status="PASS">
          <reporter-output>
          </reporter-output>
        </test-method> <!-- setUp -->
        <test-method signature="openAccountTest(java.util.Hashtable)[pri:0, instance:com.cdn.testcases.OpenAccuntTest@3f4cd155]" started-at="2025-02-11T22:13:41 IST" name="openAccountTest" data-provider="dp" finished-at="2025-02-11T22:13:41 IST" duration-ms="800" status="PASS">
          <params>
            <param index="0">
              <value>
                <![CDATA[{Currency=Rupee, Runmode=Y, Customer=Naveenkumar D}]]>
              </value>
            </param>
          </params>
          <reporter-output>
          </reporter-output>
        </test-method> <!-- openAccountTest -->
        <test-method signature="openAccountTest(java.util.Hashtable)[pri:0, instance:com.cdn.testcases.OpenAccuntTest@3f4cd155]" started-at="2025-02-11T22:13:42 IST" name="openAccountTest" data-provider="dp" finished-at="2025-02-11T22:13:42 IST" duration-ms="1" status="SKIP">
          <params>
            <param index="0">
              <value>
                <![CDATA[{Currency=Dollar, Runmode=N, Customer=Naveen kumar}]]>
              </value>
            </param>
          </params>
          <exception class="org.testng.SkipException">
            <message>
              <![CDATA[Skipping the test as the Runmode is No]]>
            </message>
            <full-stacktrace>
              <![CDATA[org.testng.SkipException: Skipping the test as the Runmode is No
at com.cdn.testcases.OpenAccuntTest.openAccountTest(OpenAccuntTest.java:25)
at java.base/jdk.internal.reflect.DirectMethodHandleAccessor.invoke(DirectMethodHandleAccessor.java:103)
at java.base/java.lang.reflect.Method.invoke(Method.java:580)
at org.testng.internal.invokers.MethodInvocationHelper.invokeMethod(MethodInvocationHelper.java:141)
at org.testng.internal.invokers.TestInvoker.invokeMethod(TestInvoker.java:686)
at org.testng.internal.invokers.TestInvoker.invokeTestMethod(TestInvoker.java:230)
at org.testng.internal.invokers.MethodRunner.runInSequence(MethodRunner.java:63)
at org.testng.internal.invokers.TestInvoker$MethodInvocationAgent.invoke(TestInvoker.java:992)
at org.testng.internal.invokers.TestInvoker.invokeTestMethods(TestInvoker.java:203)
at org.testng.internal.invokers.TestMethodWorker.invokeTestMethods(TestMethodWorker.java:154)
at org.testng.internal.invokers.TestMethodWorker.run(TestMethodWorker.java:134)
at java.base/java.util.ArrayList.forEach(ArrayList.java:1596)
at org.testng.TestRunner.privateRun(TestRunner.java:739)
at org.testng.TestRunner.run(TestRunner.java:614)
at org.testng.SuiteRunner.runTest(SuiteRunner.java:421)
at org.testng.SuiteRunner.runSequentially(SuiteRunner.java:413)
at org.testng.SuiteRunner.privateRun(SuiteRunner.java:373)
at org.testng.SuiteRunner.run(SuiteRunner.java:312)
at org.testng.SuiteRunnerWorker.runSuite(SuiteRunnerWorker.java:52)
at org.testng.SuiteRunnerWorker.run(SuiteRunnerWorker.java:95)
at org.testng.TestNG.runSuitesSequentially(TestNG.java:1274)
at org.testng.TestNG.runSuitesLocally(TestNG.java:1208)
at org.testng.TestNG.runSuites(TestNG.java:1112)
at org.testng.TestNG.run(TestNG.java:1079)
at org.testng.remote.AbstractRemoteTestNG.run(AbstractRemoteTestNG.java:115)
at org.testng.remote.RemoteTestNG.initAndRun(RemoteTestNG.java:293)
at org.testng.remote.RemoteTestNG.main(RemoteTestNG.java:91)
]]>
            </full-stacktrace>
          </exception> <!-- org.testng.SkipException -->
          <reporter-output>
          </reporter-output>
        </test-method> <!-- openAccountTest -->
        <test-method signature="openAccountTest(java.util.Hashtable)[pri:0, instance:com.cdn.testcases.OpenAccuntTest@3f4cd155]" started-at="2025-02-11T22:13:42 IST" name="openAccountTest" data-provider="dp" finished-at="2025-02-11T22:13:42 IST" duration-ms="605" status="PASS">
          <params>
            <param index="0">
              <value>
                <![CDATA[{Currency=Pound, Runmode=Y, Customer=Naveen D}]]>
              </value>
            </param>
          </params>
          <reporter-output>
          </reporter-output>
        </test-method> <!-- openAccountTest -->
        <test-method is-config="true" signature="tearDown()[pri:0, instance:com.cdn.testcases.OpenAccuntTest@3f4cd155]" started-at="2025-02-11T22:13:43 IST" name="tearDown" finished-at="2025-02-11T22:13:43 IST" duration-ms="602" status="PASS">
          <reporter-output>
          </reporter-output>
        </test-method> <!-- tearDown -->
      </class> <!-- com.cdn.testcases.OpenAccuntTest -->
    </test> <!-- OpenAccuntTest -->
  </suite> <!-- DataDrivenProject -->
</testng-results>
